


ARM Macro Assembler    Page 1 


    1 00000000                 AREA             RESET , DATA , READONLY
    2 00000000                 EXPORT           __Vectors
    3 00000000         __Vectors
    4 00000000 10001000        DCD              0X10001000  ;stack pointer valu
                                                            e stack is empty
    5 00000004 00000000        DCD              Reset_Handler ;reset vector
    6 00000008                 ALIGN
    7 00000008                 AREA             mycode , CODE, READONLY
    8 00000000                 ENTRY
    9 00000000                 EXPORT           Reset_Handler
   10 00000000         Reset_Handler
   11 00000000 4809            LDR              R0, =bcd    ; Load the address 
                                                            of the BCD number i
                                                            nto R0
   12 00000002 7801            LDRB             R1, [R0]    ; Load the BCD numb
                                                            er into R1 (only th
                                                            e lower 8 bits)
   13 00000004         
   14 00000004         ; Extract the tens and ones place
   15 00000004 EA4F 1211       MOV              R2, R1, LSR #4 ; Extract the te
                                                            ns digit (upper nib
                                                            ble)
   16 00000008 F002 020F       AND              R2, R2, #0xF ; Mask the upper b
                                                            its, keeping only t
                                                            he lower nibble
   17 0000000C F001 030F       AND              R3, R1, #0xF ; Extract the ones
                                                             digit (lower nibbl
                                                            e)
   18 00000010         
   19 00000010         ; Convert the BCD digits to their decimal equivalent
   20 00000010 F04F 040A       MOV              R4, #10     ; Load 10 into R4 f
                                                            or multiplication
   21 00000014 FB02 F204       MUL              R2, R2, R4  ; Multiply the tens
                                                             digit by 10
   22 00000018 EB02 0403       ADD              R4, R2, R3  ; Add the ones digi
                                                            t to the result
   23 0000001C         
   24 0000001C         ; R4 now contains the equivalent hexadecimal value of th
                       e BCD number
   25 0000001C 6044            STR              R4, [R0, #4] ; Store the result
                                                             in the memory loca
                                                            tion (hex_result)
   26 0000001E         
   27 0000001E         ; Infinite loop to stop execution
   28 0000001E         STOP
   29 0000001E E7FE            B                STOP
   30 00000020         
   31 00000020                 ALIGN
   32 00000020 15      bcd     DCB              0x15        ; Example BCD numbe
                                                            r 0x45 (which repre
                                                            sents the decimal n
                                                            umber 45)
   33 00000021 00 00 00 
              00000000 hex_result
                               DCD              0           ; Placeholder to st
                                                            ore the hexadecimal
                                                             result
   34 00000028         
   35 00000028                 END



ARM Macro Assembler    Page 2 


              00000000 
Command Line: --debug --xref --cpu=Cortex-M3 --apcs=interwork --depend=q2.d -oq
2.o -IC:\Keil\ARM\RV31\INC -IC:\Keil\ARM\CMSIS\Include -IC:\Keil\ARM\Inc\NXP\LP
C17xx --predefine="__EVAL SETA 1" --list=q2.lst q2.asm



ARM Macro Assembler    Page 1 Alphabetic symbol ordering
Relocatable symbols

RESET 00000000

Symbol: RESET
   Definitions
      At line 1 in file q2.asm
   Uses
      None
Comment: RESET unused
__Vectors 00000000

Symbol: __Vectors
   Definitions
      At line 3 in file q2.asm
   Uses
      At line 2 in file q2.asm
Comment: __Vectors used once
2 symbols



ARM Macro Assembler    Page 1 Alphabetic symbol ordering
Relocatable symbols

Reset_Handler 00000000

Symbol: Reset_Handler
   Definitions
      At line 10 in file q2.asm
   Uses
      At line 5 in file q2.asm
      At line 9 in file q2.asm

STOP 0000001E

Symbol: STOP
   Definitions
      At line 28 in file q2.asm
   Uses
      At line 29 in file q2.asm
Comment: STOP used once
bcd 00000020

Symbol: bcd
   Definitions
      At line 32 in file q2.asm
   Uses
      At line 11 in file q2.asm
Comment: bcd used once
hex_result 00000024

Symbol: hex_result
   Definitions
      At line 33 in file q2.asm
   Uses
      None
Comment: hex_result unused
mycode 00000000

Symbol: mycode
   Definitions
      At line 7 in file q2.asm
   Uses
      None
Comment: mycode unused
5 symbols
340 symbols in table
