


ARM Macro Assembler    Page 1 


    1 00000000                 AREA             RESET , DATA , READONLY
    2 00000000                 EXPORT           __Vectors
    3 00000000         __Vectors
    4 00000000 10001000        DCD              0X10001000  ;stack pointer valu
                                                            e stack is empty
    5 00000004 00000000        DCD              Reset_Handler ;reset vector
    6 00000008                 ALIGN
    7 00000008                 AREA             mycode , CODE, READONLY
    8 00000000                 ENTRY
    9 00000000                 EXPORT           Reset_Handler
   10 00000000         Reset_Handler
   11 00000000 4811            LDR              R0, =N
   12 00000002 4D12            LDR              R5, =total
   13 00000004 F04F 010A       MOV              R1, #10
   14 00000008 F850 4B04 
                       BACK    LDR              R4,[R0],#4
   15 0000000C 1912            ADDS             R2,R4
   16 0000000E F143 0303       ADC              R3,#3
   17 00000012 3901            SUBS             R1,#1
   18 00000014 D1F8            BNE              BACK
   19 00000016 F845 2B04       STR              R2,[R5],#4
   20 0000001A 602B            STR              R3,[R5]
   21 0000001C         STOP
   22 0000001C E7FE            B                STOP
   23 0000001E 00 00 12345678 
              47138256 
              58261347 
              71483625 
              36725184 
              25847631 
              63174825 
              82516743 
              14678235 
              72586413 N       DCD              0x12345678,0x47138256,0x5826134
7,0x71483625,0x36725184,0x25847631,0x63174825,0x82516743,0x14678235,0x72586413
   24 00000048 00000000 
              00000000         AREA             mydata, DATA, READWRITE
   25 00000000 00000000 
              00000000 total   DCD              0,0
   26 00000008                 END
Command Line: --debug --xref --cpu=Cortex-M3 --apcs=interwork --depend=q1.d -oq
1.o -IC:\Keil\ARM\RV31\INC -IC:\Keil\ARM\CMSIS\Include -IC:\Keil\ARM\Inc\NXP\LP
C17xx --predefine="__EVAL SETA 1" --list=q1.lst q1.asm



ARM Macro Assembler    Page 1 Alphabetic symbol ordering
Relocatable symbols

RESET 00000000

Symbol: RESET
   Definitions
      At line 1 in file q1.asm
   Uses
      None
Comment: RESET unused
__Vectors 00000000

Symbol: __Vectors
   Definitions
      At line 3 in file q1.asm
   Uses
      At line 2 in file q1.asm
Comment: __Vectors used once
2 symbols



ARM Macro Assembler    Page 1 Alphabetic symbol ordering
Relocatable symbols

BACK 00000008

Symbol: BACK
   Definitions
      At line 14 in file q1.asm
   Uses
      At line 18 in file q1.asm
Comment: BACK used once
N 00000020

Symbol: N
   Definitions
      At line 23 in file q1.asm
   Uses
      At line 11 in file q1.asm
Comment: N used once
Reset_Handler 00000000

Symbol: Reset_Handler
   Definitions
      At line 10 in file q1.asm
   Uses
      At line 5 in file q1.asm
      At line 9 in file q1.asm

STOP 0000001C

Symbol: STOP
   Definitions
      At line 21 in file q1.asm
   Uses
      At line 22 in file q1.asm
Comment: STOP used once
mycode 00000000

Symbol: mycode
   Definitions
      At line 7 in file q1.asm
   Uses
      None
Comment: mycode unused
5 symbols



ARM Macro Assembler    Page 1 Alphabetic symbol ordering
Relocatable symbols

mydata 00000000

Symbol: mydata
   Definitions
      At line 24 in file q1.asm
   Uses
      None
Comment: mydata unused
total 00000000

Symbol: total
   Definitions
      At line 25 in file q1.asm
   Uses
      At line 12 in file q1.asm
Comment: total used once
2 symbols
342 symbols in table
