


ARM Macro Assembler    Page 1 


    1 00000000                 AREA             RESET , DATA , READONLY
    2 00000000                 EXPORT           __Vectors
    3 00000000         __Vectors
    4 00000000 10001000        DCD              0X10001000  ;stack pointer valu
                                                            e stack is empty
    5 00000004 00000000        DCD              Reset_Handler ;reset vector
    6 00000008                 ALIGN
    7 00000008                 AREA             mycode , CODE, READONLY
    8 00000000                 ENTRY
    9 00000000                 EXPORT           Reset_Handler
   10 00000000         Reset_Handler
   11 00000000         LCM_Handler
   12 00000000 480A            LDR              R0, =a      ; Load the address 
                                                            of the first number
                                                             (a)
   13 00000002 490B            LDR              R1, =b      ; Load the address 
                                                            of the second numbe
                                                            r (b)
   14 00000004 6802            LDR              R2, [R0]    ; Load the value of
                                                             a into R2
   15 00000006 680B            LDR              R3, [R1]    ; Load the value of
                                                             b into R3
   16 00000008 F04F 0401       MOV              R4, #1      ; Initialize i = 1
   17 0000000C         
   18 0000000C         LCM_Loop
   19 0000000C FB04 F502       MUL              R5, R4, R2  ; Compute i * a
   20 00000010 462E            MOV              R6, R5      ; Move the product 
                                                            to R6
   21 00000012 FBB6 F7F3       UDIV             R7, R6, R3  ; Divide (i * a) by
                                                             b, result in R7
   22 00000016 FB07 6813       MLS              R8, R7, R3, R6 ; Compute remain
                                                            der = (i * a) - (qu
                                                            otient * b)
   23 0000001A F1B8 0F00       CMP              R8, #0      ; Compare remainder
                                                             with 0
   24 0000001E D002            BEQ              LCM_Found   ; If remainder == 0
                                                            , LCM is found, exi
                                                            t loop
   25 00000020         
   26 00000020 F104 0401       ADD              R4, R4, #1  ; Increment i
   27 00000024 E7F2            B                LCM_Loop    ; Repeat the loop
   28 00000026         
   29 00000026         LCM_Found
   30 00000026 6045            STR              R5, [R0, #4] ; Store LCM (i * a
                                                            ) at memory locatio
                                                            n (LCM)
   31 00000028 E7FF            B                STOP        ; Infinite loop to 
                                                            stop execution
   32 0000002A         
   33 0000002A         STOP
   34 0000002A E7FE            B                STOP
   35 0000002C         
   36 0000002C         ; Define the numbers a and b
   37 0000002C 00000000 
              00000000         AREA             mydata, DATA, READWRITE
   38 00000000 0000000C 
                       a       DCD              12          ; Example value for
                                                             a
   39 00000004 0000000F 



ARM Macro Assembler    Page 2 


                       b       DCD              15          ; Example value for
                                                             b
   40 00000008 00000000 
                       LCM     DCD              0           ; Placeholder for s
                                                            toring the LCM resu
                                                            lt
   41 0000000C         
   42 0000000C                 END
Command Line: --debug --xref --cpu=Cortex-M3 --apcs=interwork --depend=q4.d -oq
4.o -IC:\Keil\ARM\RV31\INC -IC:\Keil\ARM\CMSIS\Include -IC:\Keil\ARM\Inc\NXP\LP
C17xx --predefine="__EVAL SETA 1" --list=q4.lst q4.asm



ARM Macro Assembler    Page 1 Alphabetic symbol ordering
Relocatable symbols

RESET 00000000

Symbol: RESET
   Definitions
      At line 1 in file q4.asm
   Uses
      None
Comment: RESET unused
__Vectors 00000000

Symbol: __Vectors
   Definitions
      At line 3 in file q4.asm
   Uses
      At line 2 in file q4.asm
Comment: __Vectors used once
2 symbols



ARM Macro Assembler    Page 1 Alphabetic symbol ordering
Relocatable symbols

LCM_Found 00000026

Symbol: LCM_Found
   Definitions
      At line 29 in file q4.asm
   Uses
      At line 24 in file q4.asm
Comment: LCM_Found used once
LCM_Handler 00000000

Symbol: LCM_Handler
   Definitions
      At line 11 in file q4.asm
   Uses
      None
Comment: LCM_Handler unused
LCM_Loop 0000000C

Symbol: LCM_Loop
   Definitions
      At line 18 in file q4.asm
   Uses
      At line 27 in file q4.asm
Comment: LCM_Loop used once
Reset_Handler 00000000

Symbol: Reset_Handler
   Definitions
      At line 10 in file q4.asm
   Uses
      At line 5 in file q4.asm
      At line 9 in file q4.asm

STOP 0000002A

Symbol: STOP
   Definitions
      At line 33 in file q4.asm
   Uses
      At line 31 in file q4.asm
      At line 34 in file q4.asm

mycode 00000000

Symbol: mycode
   Definitions
      At line 7 in file q4.asm
   Uses
      None
Comment: mycode unused
6 symbols



ARM Macro Assembler    Page 1 Alphabetic symbol ordering
Relocatable symbols

LCM 00000008

Symbol: LCM
   Definitions
      At line 40 in file q4.asm
   Uses
      None
Comment: LCM unused
a 00000000

Symbol: a
   Definitions
      At line 38 in file q4.asm
   Uses
      At line 12 in file q4.asm
Comment: a used once
b 00000004

Symbol: b
   Definitions
      At line 39 in file q4.asm
   Uses
      At line 13 in file q4.asm
Comment: b used once
mydata 00000000

Symbol: mydata
   Definitions
      At line 37 in file q4.asm
   Uses
      None
Comment: mydata unused
4 symbols
345 symbols in table
